Exception in thread "AWT-EventQueue-0" java.lang.NoClassDefFoundError: javax/help/HelpSet
	at java.lang.Class.getDeclaredMethods0(Native Method)
	at java.lang.Class.privateGetDeclaredMethods(Unknown Source)
	at java.lang.Class.getDeclaredMethod(Unknown Source)
	at java.awt.Component.isCoalesceEventsOverriden(Unknown Source)
	at java.awt.Component.access$500(Unknown Source)
	at java.awt.Component$3.run(Unknown Source)
	at java.awt.Component$3.run(Unknown Source)
	at java.security.AccessController.doPrivileged(Native Method)
	at java.awt.Component.checkCoalescing(Unknown Source)
	at java.awt.Component.<init>(Unknown Source)
	at java.awt.Container.<init>(Unknown Source)
	at java.awt.Window.<init>(Unknown Source)
	at java.awt.Frame.<init>(Unknown Source)
	at java.awt.Frame.<init>(Unknown Source)
	at javax.swing.JFrame.<init>(Unknown Source)
	at com.sdz.calculator9.C9View.<init>(C9View.java:191)
	at com.sdz.calculator9.C9Main$1.run(C9Main.java:34)
	at java.awt.event.InvocationEvent.dispatch(Unknown Source)
	at java.awt.EventQueue.dispatchEventImpl(Unknown Source)
	at java.awt.EventQueue.access$200(Unknown Source)
	at java.awt.EventQueue$3.run(Unknown Source)
	at java.awt.EventQueue$3.run(Unknown Source)
	at java.security.AccessController.doPrivileged(Native Method)
	at java.security.ProtectionDomain$1.doIntersectionPrivilege(Unknown Source)
	at java.awt.EventQueue.dispatchEvent(Unknown Source)
	at java.awt.EventDispatchThread.pumpOneEventForFilters(Unknown Source)
	at java.awt.EventDispatchThread.pumpEventsForFilter(Unknown Source)
	at java.awt.EventDispatchThread.pumpEventsForHierarchy(Unknown Source)
	at java.awt.EventDispatchThread.pumpEvents(Unknown Source)
	at java.awt.EventDispatchThread.pumpEvents(Unknown Source)
	at java.awt.EventDispatchThread.run(Unknown Source)
Caused by: java.lang.ClassNotFoundException: javax.help.HelpSet
	at java.net.URLClassLoader$1.run(Unknown Source)
	at java.net.URLClassLoader$1.run(Unknown Source)
	at java.security.AccessController.doPrivileged(Native Method)
	at java.net.URLClassLoader.findClass(Unknown Source)
	at java.lang.ClassLoader.loadClass(Unknown Source)
	at sun.misc.Launcher$AppClassLoader.loadClass(Unknown Source)
	at java.lang.ClassLoader.loadClass(Unknown Source)
	... 31 more
